<?xml version="1.0" encoding="UTF-8"?>
<testng-results ignored="0" total="1" passed="1" failed="0" skipped="0">
  <reporter-output>
  </reporter-output>
  <suite started-at="2024-04-13T11:05:19 IST" name="Default suite" finished-at="2024-04-13T11:05:21 IST" duration-ms="2444">
    <groups>
    </groups>
    <test started-at="2024-04-13T11:05:19 IST" name="Default test" finished-at="2024-04-13T11:05:21 IST" duration-ms="2444">
      <class name="Session18.Fileupload">
        <test-method signature="To_Fileupload()[pri:0, instance:Session18.Fileupload@25fb8912]" started-at="2024-04-13T11:05:19 IST" name="To_Fileupload" finished-at="2024-04-13T11:05:21 IST" duration-ms="2410" status="PASS">
          <reporter-output>
          </reporter-output>
        </test-method> <!-- To_Fileupload -->
      </class> <!-- Session18.Fileupload -->
    </test> <!-- Default test -->
  </suite> <!-- Default suite -->
</testng-results>
